<?xml version="1.0" encoding="UTF-8"?>
<testng-results ignored="0" total="1" passed="1" failed="0" skipped="0">
  <reporter-output>
  </reporter-output>
  <suite started-at="2023-12-10T16:40:16 IST" name="Suite" finished-at="2023-12-10T16:40:30 IST" duration-ms="13577">
    <groups>
    </groups>
    <test started-at="2023-12-10T16:40:16 IST" name="Test" finished-at="2023-12-10T16:40:30 IST" duration-ms="13577">
      <class name="testCases.TC_02Login">
        <test-method is-config="true" signature="setUp()[pri:0, instance:testCases.TC_02Login@3febb011]" started-at="2023-12-10T16:40:16 IST" name="setUp" finished-at="2023-12-10T16:40:22 IST" duration-ms="5999" status="PASS">
          <reporter-output>
          </reporter-output>
        </test-method> <!-- setUp -->
        <test-method signature="testLogin()[pri:0, instance:testCases.TC_02Login@3febb011]" started-at="2023-12-10T16:40:22 IST" name="testLogin" finished-at="2023-12-10T16:40:30 IST" duration-ms="7486" status="PASS">
          <reporter-output>
          </reporter-output>
        </test-method> <!-- testLogin -->
      </class> <!-- testCases.TC_02Login -->
    </test> <!-- Test -->
  </suite> <!-- Suite -->
</testng-results>
